<?xml version="1.0" encoding="UTF-8"?>
<!-- Generated by org.testng.reporters.JUnitXMLReporter -->
<testsuite ignored="0" hostname="DESKTOP-VJ8GD4N" failures="1" tests="7" name="Test" time="113.332" errors="0" timestamp="2024-08-04T13:02:46 IST">
  <testcase classname="com.UnitedGrocery.TestCases.TC_LoginTest" name="logopresence" time="0.392">
    <failure type="java.lang.AssertionError" message="expected [true] but found [[[ChromeDriver: chrome on windows (95e8a9097a02f1a38a68b9b2bde36cc5)] -&amp;gt; xpath: //div[@class=&amp;apos;img&amp;apos;]]]">
      <![CDATA[java.lang.AssertionError: expected [true] but found [[[ChromeDriver: chrome on windows (95e8a9097a02f1a38a68b9b2bde36cc5)] -> xpath: //div[@class='img']]]
at com.UnitedGrocery.TestCases.TC_LoginTest.logopresence(TC_LoginTest.java:39)
at java.base/java.util.ArrayList.forEach(ArrayList.java:1511)
... Removed 30 stack frames]]>
    </failure>
  </testcase> <!-- logopresence -->
  <testcase classname="com.UnitedGrocery.TestCases.TC_LoginTest" name="verifylogin" time="0.671"/>
  <testcase classname="com.UnitedGrocery.TestCases.TC_LoginTest" name="PendingOrder" time="16.09"/>
  <testcase classname="com.UnitedGrocery.TestCases.TC_LoginTest" name="AcceptOrder" time="17.636"/>
  <testcase classname="com.UnitedGrocery.TestCases.TC_LoginTest" name="RejectOrder" time="18.512"/>
  <testcase classname="com.UnitedGrocery.TestCases.TC_LoginTest" name="PendingDelivery" time="17.775"/>
  <testcase classname="com.UnitedGrocery.TestCases.TC_LoginTest" name="delivered" time="18.873"/>
</testsuite> <!-- Test -->
