<?xml version="1.0" encoding="UTF-8"?>
<!-- Generated by org.testng.reporters.JUnitXMLReporter -->
<testsuite ignored="6" hostname="DESKTOP-VJ8GD4N" failures="1" tests="1" name="Test(failed)" time="32.587" errors="0" timestamp="2024-08-04T13:26:34 IST">
  <testcase classname="com.UnitedGrocery.TestCases.TC_LoginTest" name="logopresence" time="3.493">
    <failure type="java.lang.AssertionError" message="expected [true] but found [[[ChromeDriver: chrome on windows (b6b93cd1477c8ebdd48e7e58d3f94334)] -&amp;gt; xpath: //div[@class=&amp;apos;img&amp;apos;]]]">
      <![CDATA[java.lang.AssertionError: expected [true] but found [[[ChromeDriver: chrome on windows (b6b93cd1477c8ebdd48e7e58d3f94334)] -> xpath: //div[@class='img']]]
at com.UnitedGrocery.TestCases.TC_LoginTest.logopresence(TC_LoginTest.java:40)
at java.base/java.util.ArrayList.forEach(ArrayList.java:1511)
... Removed 30 stack frames]]>
    </failure>
  </testcase> <!-- logopresence -->
  <testcase classname="com.UnitedGrocery.TestCases.TC_LoginTest" name="verifylogin" time="0.0">
    <ignored/>
  </testcase> <!-- verifylogin -->
  <testcase classname="com.UnitedGrocery.TestCases.TC_LoginTest" name="RejectOrder" time="0.0">
    <ignored/>
  </testcase> <!-- RejectOrder -->
  <testcase classname="com.UnitedGrocery.TestCases.TC_LoginTest" name="PendingOrder" time="0.0">
    <ignored/>
  </testcase> <!-- PendingOrder -->
  <testcase classname="com.UnitedGrocery.TestCases.TC_LoginTest" name="PendingDelivery" time="0.0">
    <ignored/>
  </testcase> <!-- PendingDelivery -->
  <testcase classname="com.UnitedGrocery.TestCases.TC_LoginTest" name="AcceptOrder" time="0.0">
    <ignored/>
  </testcase> <!-- AcceptOrder -->
  <testcase classname="com.UnitedGrocery.TestCases.TC_LoginTest" name="delivered" time="0.0">
    <ignored/>
  </testcase> <!-- delivered -->
</testsuite> <!-- Test(failed) -->
